<?xml version="1.0" encoding="UTF-8"?>
<coverage generated="1530629763182" clover="3.2.0">
  <project timestamp="1530629763183" name="All files">
    <metrics statements="9" coveredstatements="9" conditionals="8" coveredconditionals="8" methods="4" coveredmethods="4" elements="21" coveredelements="21" complexity="0" loc="9" ncloc="9" packages="1" files="1" classes="1">
      <file name="TodoTextInput.js" path="/home/jia/Desktop/istanbul1/TodoTextInput.js">
        <metrics statements="9" coveredstatements="9" conditionals="8" coveredconditionals="8" methods="4" coveredmethods="4"/>
        <line num="19" count="3" type="stmt"/>
        <line num="20" count="3" type="cond" truecount="2" falsecount="0"/>
        <line num="21" count="2" type="stmt"/>
        <line num="22" count="2" type="cond" truecount="2" falsecount="0"/>
        <line num="23" count="1" type="stmt"/>
        <line num="29" count="1" type="stmt"/>
        <line num="33" count="2" type="cond" truecount="2" falsecount="0"/>
        <line num="34" count="1" type="stmt"/>
        <line num="39" count="11" type="stmt"/>
      </file>
    </metrics>
  </project>
</coverage>
